<?xml version="1.0" encoding="UTF-8" ?>
<testsuite tests="6" failures="0" name="org.example.CalculatorTest" time="0.005" errors="0" skipped="0">
  <properties>
[...]
</properties>
  <testcase classname="org.example.CalculatorTest" name="subtract" time="0.004"/>
  <testcase classname="org.example.CalculatorTest" name="add" time="0"/>
  <testcase classname="org.example.CalculatorTest" name="power" time="0"/>
  <testcase classname="org.example.CalculatorTest" name="division" time="0"/>
  <testcase classname="org.example.CalculatorTest" name="multiply" time="0.001"/>
  <testcase classname="org.example.CalculatorTest" name="findRemainder" time="0"/>
</testsuite>